The system is: Darwin - 12.4.0 - i386
Compiling the C compiler identification source file "CMakeCCompilerId.c" succeeded.
Compiler: /usr/bin/gcc 
Build flags: 
Id flags: 

The output was:
0


Compilation of the C compiler identification source "CMakeCCompilerId.c" produced "a.out"

The C compiler identification is GNU, found in "/Users/macecchi/Desktop/labickinect/xcode/CMakeFiles/CompilerIdC/a.out"

Compiling the CXX compiler identification source file "CMakeCXXCompilerId.cpp" succeeded.
Compiler: /usr/bin/g++ 
Build flags: 
Id flags: 

The output was:
0


Compilation of the CXX compiler identification source "CMakeCXXCompilerId.cpp" produced "a.out"

The CXX compiler identification is GNU, found in "/Users/macecchi/Desktop/labickinect/xcode/CMakeFiles/CompilerIdCXX/a.out"

Determining if the C compiler works passed with the following output:
Change Dir: /Users/macecchi/Desktop/labickinect/xcode/CMakeFiles/CMakeTmp

Run Build Command:/opt/local/bin/cmakexbuild -project CMAKE_TRY_COMPILE.xcodeproj build -target cmTryCompileExec3575659692 -configuration Debug
=== BUILD NATIVE TARGET cmTryCompileExec3575659692 OF PROJECT CMAKE_TRY_COMPILE WITH CONFIGURATION Debug ===
Check dependencies

CompileC CMAKE_TRY_COMPILE.build/Debug/cmTryCompileExec3575659692.build/Objects-normal/x86_64/testCCompiler.o testCCompiler.c normal x86_64 c com.apple.compilers.llvm.clang.1_0.compiler
    cd /Users/macecchi/Desktop/labickinect/xcode/CMakeFiles/CMakeTmp
    /Applications/Xcode.app/Contents/Developer/Toolchains/XcodeDefault.xctoolchain/usr/bin/clang -x c -arch x86_64 -fmessage-length=0 -Wno-trigraphs -fpascal-strings -O0 -Wno-missing-field-initializers -Wno-missing-prototypes -Wno-return-type -Wformat -Wno-missing-braces -Wparentheses -Wswitch -Wno-unused-function -Wno-unused-label -Wno-unused-parameter -Wno-unused-variable -Wunused-value -Wno-empty-body -Wno-uninitialized -Wno-unknown-pragmas -Wno-shadow -Wno-four-char-constants -Wno-conversion -Wno-constant-conversion -Wno-int-conversion -Wno-enum-conversion -Wno-shorten-64-to-32 -Wpointer-sign -Wno-newline-eof "-DCMAKE_INTDIR=\"Debug\"" -isysroot /Applications/Xcode.app/Contents/Developer/Platforms/MacOSX.platform/Developer/SDKs/MacOSX10.8.sdk -fasm-blocks -fstrict-aliasing -Wdeprecated-declarations -mmacosx-version-min=10.8 -g -Wno-sign-conversion -I/Users/macecchi/Desktop/labickinect/xcode/CMakeFiles/CMakeTmp/Debug/include -I/Applications/Xcode.app/Contents/Developer/Toolchains/XcodeDefault.xctoolchain/usr/include -I/Applications/Xcode.app/Contents/Developer/Toolchains/XcodeDefault.xctoolchain/usr/include -I/Applications/Xcode.app/Contents/Developer/Toolchains/XcodeDefault.xctoolchain/usr/include -I/Users/macecchi/Desktop/labickinect/xcode/CMakeFiles/CMakeTmp/CMAKE_TRY_COMPILE.build/Debug/cmTryCompileExec3575659692.build/DerivedSources/x86_64 -I/Users/macecchi/Desktop/labickinect/xcode/CMakeFiles/CMakeTmp/CMAKE_TRY_COMPILE.build/Debug/cmTryCompileExec3575659692.build/DerivedSources -Wmost -Wno-four-char-constants -Wno-unknown-pragmas -F/Users/macecchi/Desktop/labickinect/xcode/CMakeFiles/CMakeTmp/Debug -MMD -MT dependencies -MF /Users/macecchi/Desktop/labickinect/xcode/CMakeFiles/CMakeTmp/CMAKE_TRY_COMPILE.build/Debug/cmTryCompileExec3575659692.build/Objects-normal/x86_64/testCCompiler.d --serialize-diagnostics /Users/macecchi/Desktop/labickinect/xcode/CMakeFiles/CMakeTmp/CMAKE_TRY_COMPILE.build/Debug/cmTryCompileExec3575659692.build/Objects-normal/x86_64/testCCompiler.dia -c /Users/macecchi/Desktop/labickinect/xcode/CMakeFiles/CMakeTmp/testCCompiler.c -o /Users/macecchi/Desktop/labickinect/xcode/CMakeFiles/CMakeTmp/CMAKE_TRY_COMPILE.build/Debug/cmTryCompileExec3575659692.build/Objects-normal/x86_64/testCCompiler.o

Ld Debug/cmTryCompileExec3575659692 normal x86_64
    cd /Users/macecchi/Desktop/labickinect/xcode/CMakeFiles/CMakeTmp
    /Applications/Xcode.app/Contents/Developer/Toolchains/XcodeDefault.xctoolchain/usr/bin/clang -arch x86_64 -isysroot /Applications/Xcode.app/Contents/Developer/Platforms/MacOSX.platform/Developer/SDKs/MacOSX10.8.sdk -L/Users/macecchi/Desktop/labickinect/xcode/CMakeFiles/CMakeTmp/Debug -F/Users/macecchi/Desktop/labickinect/xcode/CMakeFiles/CMakeTmp/Debug -filelist /Users/macecchi/Desktop/labickinect/xcode/CMakeFiles/CMakeTmp/CMAKE_TRY_COMPILE.build/Debug/cmTryCompileExec3575659692.build/Objects-normal/x86_64/cmTryCompileExec3575659692.LinkFileList -mmacosx-version-min=10.8 -Wl,-search_paths_first -Wl,-headerpad_max_install_names -o /Users/macecchi/Desktop/labickinect/xcode/CMakeFiles/CMakeTmp/Debug/cmTryCompileExec3575659692

PhaseScriptExecution "CMake PostBuild Rules" CMAKE_TRY_COMPILE.build/Debug/cmTryCompileExec3575659692.build/Script-D96136D7D58F46AF9D918919.sh
    cd /Users/macecchi/Desktop/labickinect/xcode/CMakeFiles/CMakeTmp
    /bin/sh -c /Users/macecchi/Desktop/labickinect/xcode/CMakeFiles/CMakeTmp/CMAKE_TRY_COMPILE.build/Debug/cmTryCompileExec3575659692.build/Script-D96136D7D58F46AF9D918919.sh
echo "Depend check for xcode"
Depend check for xcode
cd /Users/macecchi/Desktop/labickinect/xcode/CMakeFiles/CMakeTmp && make -C /Users/macecchi/Desktop/labickinect/xcode/CMakeFiles/CMakeTmp -f /Users/macecchi/Desktop/labickinect/xcode/CMakeFiles/CMakeTmp/CMakeScripts/XCODE_DEPEND_HELPER.make PostBuild.cmTryCompileExec3575659692.Debug
make[1]: Nothing to be done for `PostBuild.cmTryCompileExec3575659692.Debug'.


** BUILD SUCCEEDED **



Detecting C compiler ABI info compiled with the following output:
Change Dir: /Users/macecchi/Desktop/labickinect/xcode/CMakeFiles/CMakeTmp

Run Build Command:/opt/local/bin/cmakexbuild -project CMAKE_TRY_COMPILE.xcodeproj build -target cmTryCompileExec3536375150 -configuration Debug
=== BUILD NATIVE TARGET cmTryCompileExec3536375150 OF PROJECT CMAKE_TRY_COMPILE WITH CONFIGURATION Debug ===
Check dependencies

CompileC CMAKE_TRY_COMPILE.build/Debug/cmTryCompileExec3536375150.build/Objects-normal/x86_64/CMakeCCompilerABI.o ../../../../../../../opt/local/share/cmake-2.8/Modules/CMakeCCompilerABI.c normal x86_64 c com.apple.compilers.llvm.clang.1_0.compiler
    cd /Users/macecchi/Desktop/labickinect/xcode/CMakeFiles/CMakeTmp
    /Applications/Xcode.app/Contents/Developer/Toolchains/XcodeDefault.xctoolchain/usr/bin/clang -x c -arch x86_64 -fmessage-length=0 -Wno-trigraphs -fpascal-strings -O0 -Wno-missing-field-initializers -Wno-missing-prototypes -Wno-return-type -Wformat -Wno-missing-braces -Wparentheses -Wswitch -Wno-unused-function -Wno-unused-label -Wno-unused-parameter -Wno-unused-variable -Wunused-value -Wno-empty-body -Wno-uninitialized -Wno-unknown-pragmas -Wno-shadow -Wno-four-char-constants -Wno-conversion -Wno-constant-conversion -Wno-int-conversion -Wno-enum-conversion -Wno-shorten-64-to-32 -Wpointer-sign -Wno-newline-eof "-DCMAKE_INTDIR=\"Debug\"" -isysroot /Applications/Xcode.app/Contents/Developer/Platforms/MacOSX.platform/Developer/SDKs/MacOSX10.8.sdk -fasm-blocks -fstrict-aliasing -Wdeprecated-declarations -mmacosx-version-min=10.8 -g -Wno-sign-conversion -I/Users/macecchi/Desktop/labickinect/xcode/CMakeFiles/CMakeTmp/Debug/include -I/Applications/Xcode.app/Contents/Developer/Toolchains/XcodeDefault.xctoolchain/usr/include -I/Applications/Xcode.app/Contents/Developer/Toolchains/XcodeDefault.xctoolchain/usr/include -I/Applications/Xcode.app/Contents/Developer/Toolchains/XcodeDefault.xctoolchain/usr/include -I/Users/macecchi/Desktop/labickinect/xcode/CMakeFiles/CMakeTmp/CMAKE_TRY_COMPILE.build/Debug/cmTryCompileExec3536375150.build/DerivedSources/x86_64 -I/Users/macecchi/Desktop/labickinect/xcode/CMakeFiles/CMakeTmp/CMAKE_TRY_COMPILE.build/Debug/cmTryCompileExec3536375150.build/DerivedSources -Wmost -Wno-four-char-constants -Wno-unknown-pragmas -F/Users/macecchi/Desktop/labickinect/xcode/CMakeFiles/CMakeTmp/Debug -MMD -MT dependencies -MF /Users/macecchi/Desktop/labickinect/xcode/CMakeFiles/CMakeTmp/CMAKE_TRY_COMPILE.build/Debug/cmTryCompileExec3536375150.build/Objects-normal/x86_64/CMakeCCompilerABI.d --serialize-diagnostics /Users/macecchi/Desktop/labickinect/xcode/CMakeFiles/CMakeTmp/CMAKE_TRY_COMPILE.build/Debug/cmTryCompileExec3536375150.build/Objects-normal/x86_64/CMakeCCompilerABI.dia -c /Users/macecchi/Desktop/labickinect/xcode/CMakeFiles/CMakeTmp/../../../../../../../opt/local/share/cmake-2.8/Modules/CMakeCCompilerABI.c -o /Users/macecchi/Desktop/labickinect/xcode/CMakeFiles/CMakeTmp/CMAKE_TRY_COMPILE.build/Debug/cmTryCompileExec3536375150.build/Objects-normal/x86_64/CMakeCCompilerABI.o

Ld Debug/cmTryCompileExec3536375150 normal x86_64
    cd /Users/macecchi/Desktop/labickinect/xcode/CMakeFiles/CMakeTmp
    /Applications/Xcode.app/Contents/Developer/Toolchains/XcodeDefault.xctoolchain/usr/bin/clang -arch x86_64 -isysroot /Applications/Xcode.app/Contents/Developer/Platforms/MacOSX.platform/Developer/SDKs/MacOSX10.8.sdk -L/Users/macecchi/Desktop/labickinect/xcode/CMakeFiles/CMakeTmp/Debug -F/Users/macecchi/Desktop/labickinect/xcode/CMakeFiles/CMakeTmp/Debug -filelist /Users/macecchi/Desktop/labickinect/xcode/CMakeFiles/CMakeTmp/CMAKE_TRY_COMPILE.build/Debug/cmTryCompileExec3536375150.build/Objects-normal/x86_64/cmTryCompileExec3536375150.LinkFileList -mmacosx-version-min=10.8 -v -Wl,-search_paths_first -Wl,-headerpad_max_install_names -o /Users/macecchi/Desktop/labickinect/xcode/CMakeFiles/CMakeTmp/Debug/cmTryCompileExec3536375150
Apple LLVM version 4.2 (clang-425.0.28) (based on LLVM 3.2svn)
Target: x86_64-apple-darwin12.4.0
Thread model: posix
 "/Applications/Xcode.app/Contents/Developer/Toolchains/XcodeDefault.xctoolchain/usr/bin/ld" -demangle -dynamic -arch x86_64 -macosx_version_min 10.8.0 -syslibroot /Applications/Xcode.app/Contents/Developer/Platforms/MacOSX.platform/Developer/SDKs/MacOSX10.8.sdk -o /Users/macecchi/Desktop/labickinect/xcode/CMakeFiles/CMakeTmp/Debug/cmTryCompileExec3536375150 -L/Users/macecchi/Desktop/labickinect/xcode/CMakeFiles/CMakeTmp/Debug -filelist /Users/macecchi/Desktop/labickinect/xcode/CMakeFiles/CMakeTmp/CMAKE_TRY_COMPILE.build/Debug/cmTryCompileExec3536375150.build/Objects-normal/x86_64/cmTryCompileExec3536375150.LinkFileList -search_paths_first -headerpad_max_install_names -lSystem /Applications/Xcode.app/Contents/Developer/Toolchains/XcodeDefault.xctoolchain/usr/bin/../lib/clang/4.2/lib/darwin/libclang_rt.osx.a -F/Users/macecchi/Desktop/labickinect/xcode/CMakeFiles/CMakeTmp/Debug

PhaseScriptExecution "CMake PostBuild Rules" CMAKE_TRY_COMPILE.build/Debug/cmTryCompileExec3536375150.build/Script-A61B43573EFB45AD814AEB70.sh
    cd /Users/macecchi/Desktop/labickinect/xcode/CMakeFiles/CMakeTmp
    /bin/sh -c /Users/macecchi/Desktop/labickinect/xcode/CMakeFiles/CMakeTmp/CMAKE_TRY_COMPILE.build/Debug/cmTryCompileExec3536375150.build/Script-A61B43573EFB45AD814AEB70.sh
echo "Depend check for xcode"
Depend check for xcode
cd /Users/macecchi/Desktop/labickinect/xcode/CMakeFiles/CMakeTmp && make -C /Users/macecchi/Desktop/labickinect/xcode/CMakeFiles/CMakeTmp -f /Users/macecchi/Desktop/labickinect/xcode/CMakeFiles/CMakeTmp/CMakeScripts/XCODE_DEPEND_HELPER.make PostBuild.cmTryCompileExec3536375150.Debug
make[1]: Nothing to be done for `PostBuild.cmTryCompileExec3536375150.Debug'.


** BUILD SUCCEEDED **



Determining if the CXX compiler works passed with the following output:
Change Dir: /Users/macecchi/Desktop/labickinect/xcode/CMakeFiles/CMakeTmp

Run Build Command:/opt/local/bin/cmakexbuild -project CMAKE_TRY_COMPILE.xcodeproj build -target cmTryCompileExec91862252 -configuration Debug
=== BUILD NATIVE TARGET cmTryCompileExec91862252 OF PROJECT CMAKE_TRY_COMPILE WITH CONFIGURATION Debug ===
Check dependencies

CompileC CMAKE_TRY_COMPILE.build/Debug/cmTryCompileExec91862252.build/Objects-normal/x86_64/testCXXCompiler.o testCXXCompiler.cxx normal x86_64 c++ com.apple.compilers.llvm.clang.1_0.compiler
    cd /Users/macecchi/Desktop/labickinect/xcode/CMakeFiles/CMakeTmp
    /Applications/Xcode.app/Contents/Developer/Toolchains/XcodeDefault.xctoolchain/usr/bin/clang -x c++ -arch x86_64 -fmessage-length=0 -Wno-trigraphs -fpascal-strings -O0 -Wno-missing-field-initializers -Wno-missing-prototypes -Wno-return-type -Wno-non-virtual-dtor -Wno-overloaded-virtual -Wno-exit-time-destructors -Wformat -Wno-missing-braces -Wparentheses -Wswitch -Wno-unused-function -Wno-unused-label -Wno-unused-parameter -Wno-unused-variable -Wunused-value -Wno-empty-body -Wno-uninitialized -Wno-unknown-pragmas -Wno-shadow -Wno-four-char-constants -Wno-conversion -Wno-constant-conversion -Wno-int-conversion -Wno-enum-conversion -Wno-shorten-64-to-32 -Wno-newline-eof -Wno-c++11-extensions "-DCMAKE_INTDIR=\"Debug\"" -isysroot /Applications/Xcode.app/Contents/Developer/Platforms/MacOSX.platform/Developer/SDKs/MacOSX10.8.sdk -fasm-blocks -fstrict-aliasing -Wdeprecated-declarations -Winvalid-offsetof -mmacosx-version-min=10.8 -Wno-sign-conversion -I/Users/macecchi/Desktop/labickinect/xcode/CMakeFiles/CMakeTmp/Debug/include -I/Applications/Xcode.app/Contents/Developer/Toolchains/XcodeDefault.xctoolchain/usr/include -I/Applications/Xcode.app/Contents/Developer/Toolchains/XcodeDefault.xctoolchain/usr/include -I/Applications/Xcode.app/Contents/Developer/Toolchains/XcodeDefault.xctoolchain/usr/include -I/Users/macecchi/Desktop/labickinect/xcode/CMakeFiles/CMakeTmp/CMAKE_TRY_COMPILE.build/Debug/cmTryCompileExec91862252.build/DerivedSources/x86_64 -I/Users/macecchi/Desktop/labickinect/xcode/CMakeFiles/CMakeTmp/CMAKE_TRY_COMPILE.build/Debug/cmTryCompileExec91862252.build/DerivedSources -Wmost -Wno-four-char-constants -Wno-unknown-pragmas -F/Users/macecchi/Desktop/labickinect/xcode/CMakeFiles/CMakeTmp/Debug -g -MMD -MT dependencies -MF /Users/macecchi/Desktop/labickinect/xcode/CMakeFiles/CMakeTmp/CMAKE_TRY_COMPILE.build/Debug/cmTryCompileExec91862252.build/Objects-normal/x86_64/testCXXCompiler.d --serialize-diagnostics /Users/macecchi/Desktop/labickinect/xcode/CMakeFiles/CMakeTmp/CMAKE_TRY_COMPILE.build/Debug/cmTryCompileExec91862252.build/Objects-normal/x86_64/testCXXCompiler.dia -c /Users/macecchi/Desktop/labickinect/xcode/CMakeFiles/CMakeTmp/testCXXCompiler.cxx -o /Users/macecchi/Desktop/labickinect/xcode/CMakeFiles/CMakeTmp/CMAKE_TRY_COMPILE.build/Debug/cmTryCompileExec91862252.build/Objects-normal/x86_64/testCXXCompiler.o

Ld Debug/cmTryCompileExec91862252 normal x86_64
    cd /Users/macecchi/Desktop/labickinect/xcode/CMakeFiles/CMakeTmp
    /Applications/Xcode.app/Contents/Developer/Toolchains/XcodeDefault.xctoolchain/usr/bin/clang++ -arch x86_64 -isysroot /Applications/Xcode.app/Contents/Developer/Platforms/MacOSX.platform/Developer/SDKs/MacOSX10.8.sdk -L/Users/macecchi/Desktop/labickinect/xcode/CMakeFiles/CMakeTmp/Debug -F/Users/macecchi/Desktop/labickinect/xcode/CMakeFiles/CMakeTmp/Debug -filelist /Users/macecchi/Desktop/labickinect/xcode/CMakeFiles/CMakeTmp/CMAKE_TRY_COMPILE.build/Debug/cmTryCompileExec91862252.build/Objects-normal/x86_64/cmTryCompileExec91862252.LinkFileList -mmacosx-version-min=10.8 -Wl,-search_paths_first -Wl,-headerpad_max_install_names -o /Users/macecchi/Desktop/labickinect/xcode/CMakeFiles/CMakeTmp/Debug/cmTryCompileExec91862252

PhaseScriptExecution "CMake PostBuild Rules" CMAKE_TRY_COMPILE.build/Debug/cmTryCompileExec91862252.build/Script-4E78A15938494B3C9079E798.sh
    cd /Users/macecchi/Desktop/labickinect/xcode/CMakeFiles/CMakeTmp
    /bin/sh -c /Users/macecchi/Desktop/labickinect/xcode/CMakeFiles/CMakeTmp/CMAKE_TRY_COMPILE.build/Debug/cmTryCompileExec91862252.build/Script-4E78A15938494B3C9079E798.sh
echo "Depend check for xcode"
Depend check for xcode
cd /Users/macecchi/Desktop/labickinect/xcode/CMakeFiles/CMakeTmp && make -C /Users/macecchi/Desktop/labickinect/xcode/CMakeFiles/CMakeTmp -f /Users/macecchi/Desktop/labickinect/xcode/CMakeFiles/CMakeTmp/CMakeScripts/XCODE_DEPEND_HELPER.make PostBuild.cmTryCompileExec91862252.Debug
make[1]: Nothing to be done for `PostBuild.cmTryCompileExec91862252.Debug'.


** BUILD SUCCEEDED **



Detecting CXX compiler ABI info compiled with the following output:
Change Dir: /Users/macecchi/Desktop/labickinect/xcode/CMakeFiles/CMakeTmp

Run Build Command:/opt/local/bin/cmakexbuild -project CMAKE_TRY_COMPILE.xcodeproj build -target cmTryCompileExec835123479 -configuration Debug
=== BUILD NATIVE TARGET cmTryCompileExec835123479 OF PROJECT CMAKE_TRY_COMPILE WITH CONFIGURATION Debug ===
Check dependencies

CompileC CMAKE_TRY_COMPILE.build/Debug/cmTryCompileExec835123479.build/Objects-normal/x86_64/CMakeCXXCompilerABI.o ../../../../../../../opt/local/share/cmake-2.8/Modules/CMakeCXXCompilerABI.cpp normal x86_64 c++ com.apple.compilers.llvm.clang.1_0.compiler
    cd /Users/macecchi/Desktop/labickinect/xcode/CMakeFiles/CMakeTmp
    /Applications/Xcode.app/Contents/Developer/Toolchains/XcodeDefault.xctoolchain/usr/bin/clang -x c++ -arch x86_64 -fmessage-length=0 -Wno-trigraphs -fpascal-strings -O0 -Wno-missing-field-initializers -Wno-missing-prototypes -Wno-return-type -Wno-non-virtual-dtor -Wno-overloaded-virtual -Wno-exit-time-destructors -Wformat -Wno-missing-braces -Wparentheses -Wswitch -Wno-unused-function -Wno-unused-label -Wno-unused-parameter -Wno-unused-variable -Wunused-value -Wno-empty-body -Wno-uninitialized -Wno-unknown-pragmas -Wno-shadow -Wno-four-char-constants -Wno-conversion -Wno-constant-conversion -Wno-int-conversion -Wno-enum-conversion -Wno-shorten-64-to-32 -Wno-newline-eof -Wno-c++11-extensions "-DCMAKE_INTDIR=\"Debug\"" -isysroot /Applications/Xcode.app/Contents/Developer/Platforms/MacOSX.platform/Developer/SDKs/MacOSX10.8.sdk -fasm-blocks -fstrict-aliasing -Wdeprecated-declarations -Winvalid-offsetof -mmacosx-version-min=10.8 -Wno-sign-conversion -I/Users/macecchi/Desktop/labickinect/xcode/CMakeFiles/CMakeTmp/Debug/include -I/Applications/Xcode.app/Contents/Developer/Toolchains/XcodeDefault.xctoolchain/usr/include -I/Applications/Xcode.app/Contents/Developer/Toolchains/XcodeDefault.xctoolchain/usr/include -I/Applications/Xcode.app/Contents/Developer/Toolchains/XcodeDefault.xctoolchain/usr/include -I/Users/macecchi/Desktop/labickinect/xcode/CMakeFiles/CMakeTmp/CMAKE_TRY_COMPILE.build/Debug/cmTryCompileExec835123479.build/DerivedSources/x86_64 -I/Users/macecchi/Desktop/labickinect/xcode/CMakeFiles/CMakeTmp/CMAKE_TRY_COMPILE.build/Debug/cmTryCompileExec835123479.build/DerivedSources -Wmost -Wno-four-char-constants -Wno-unknown-pragmas -F/Users/macecchi/Desktop/labickinect/xcode/CMakeFiles/CMakeTmp/Debug -g -MMD -MT dependencies -MF /Users/macecchi/Desktop/labickinect/xcode/CMakeFiles/CMakeTmp/CMAKE_TRY_COMPILE.build/Debug/cmTryCompileExec835123479.build/Objects-normal/x86_64/CMakeCXXCompilerABI.d --serialize-diagnostics /Users/macecchi/Desktop/labickinect/xcode/CMakeFiles/CMakeTmp/CMAKE_TRY_COMPILE.build/Debug/cmTryCompileExec835123479.build/Objects-normal/x86_64/CMakeCXXCompilerABI.dia -c /Users/macecchi/Desktop/labickinect/xcode/CMakeFiles/CMakeTmp/../../../../../../../opt/local/share/cmake-2.8/Modules/CMakeCXXCompilerABI.cpp -o /Users/macecchi/Desktop/labickinect/xcode/CMakeFiles/CMakeTmp/CMAKE_TRY_COMPILE.build/Debug/cmTryCompileExec835123479.build/Objects-normal/x86_64/CMakeCXXCompilerABI.o

Ld Debug/cmTryCompileExec835123479 normal x86_64
    cd /Users/macecchi/Desktop/labickinect/xcode/CMakeFiles/CMakeTmp
    /Applications/Xcode.app/Contents/Developer/Toolchains/XcodeDefault.xctoolchain/usr/bin/clang++ -arch x86_64 -isysroot /Applications/Xcode.app/Contents/Developer/Platforms/MacOSX.platform/Developer/SDKs/MacOSX10.8.sdk -L/Users/macecchi/Desktop/labickinect/xcode/CMakeFiles/CMakeTmp/Debug -F/Users/macecchi/Desktop/labickinect/xcode/CMakeFiles/CMakeTmp/Debug -filelist /Users/macecchi/Desktop/labickinect/xcode/CMakeFiles/CMakeTmp/CMAKE_TRY_COMPILE.build/Debug/cmTryCompileExec835123479.build/Objects-normal/x86_64/cmTryCompileExec835123479.LinkFileList -mmacosx-version-min=10.8 -v -Wl,-search_paths_first -Wl,-headerpad_max_install_names -o /Users/macecchi/Desktop/labickinect/xcode/CMakeFiles/CMakeTmp/Debug/cmTryCompileExec835123479
Apple LLVM version 4.2 (clang-425.0.28) (based on LLVM 3.2svn)
Target: x86_64-apple-darwin12.4.0
Thread model: posix
 "/Applications/Xcode.app/Contents/Developer/Toolchains/XcodeDefault.xctoolchain/usr/bin/ld" -demangle -dynamic -arch x86_64 -macosx_version_min 10.8.0 -syslibroot /Applications/Xcode.app/Contents/Developer/Platforms/MacOSX.platform/Developer/SDKs/MacOSX10.8.sdk -o /Users/macecchi/Desktop/labickinect/xcode/CMakeFiles/CMakeTmp/Debug/cmTryCompileExec835123479 -L/Users/macecchi/Desktop/labickinect/xcode/CMakeFiles/CMakeTmp/Debug -filelist /Users/macecchi/Desktop/labickinect/xcode/CMakeFiles/CMakeTmp/CMAKE_TRY_COMPILE.build/Debug/cmTryCompileExec835123479.build/Objects-normal/x86_64/cmTryCompileExec835123479.LinkFileList -search_paths_first -headerpad_max_install_names -lstdc++ -lSystem /Applications/Xcode.app/Contents/Developer/Toolchains/XcodeDefault.xctoolchain/usr/bin/../lib/clang/4.2/lib/darwin/libclang_rt.osx.a -F/Users/macecchi/Desktop/labickinect/xcode/CMakeFiles/CMakeTmp/Debug

PhaseScriptExecution "CMake PostBuild Rules" CMAKE_TRY_COMPILE.build/Debug/cmTryCompileExec835123479.build/Script-A3BE1EB30FC34BEA81DF7421.sh
    cd /Users/macecchi/Desktop/labickinect/xcode/CMakeFiles/CMakeTmp
    /bin/sh -c /Users/macecchi/Desktop/labickinect/xcode/CMakeFiles/CMakeTmp/CMAKE_TRY_COMPILE.build/Debug/cmTryCompileExec835123479.build/Script-A3BE1EB30FC34BEA81DF7421.sh
echo "Depend check for xcode"
Depend check for xcode
cd /Users/macecchi/Desktop/labickinect/xcode/CMakeFiles/CMakeTmp && make -C /Users/macecchi/Desktop/labickinect/xcode/CMakeFiles/CMakeTmp -f /Users/macecchi/Desktop/labickinect/xcode/CMakeFiles/CMakeTmp/CMakeScripts/XCODE_DEPEND_HELPER.make PostBuild.cmTryCompileExec835123479.Debug
make[1]: Nothing to be done for `PostBuild.cmTryCompileExec835123479.Debug'.


** BUILD SUCCEEDED **



